<?xml version="1.0" encoding="UTF-8"?>
<coverage generated="1785496461730" clover="3.2.0">
  <project timestamp="1785496461730" name="All files">
    <metrics statements="13" coveredstatements="13" conditionals="11" coveredconditionals="11" methods="4" coveredmethods="4" elements="28" coveredelements="28" complexity="0" loc="13" ncloc="13" packages="1" files="2" classes="2"/>
    <file name="Banner.jsx" path="/home/fyilmaz/TesteurLogiciel_appli_location_immobiliere_React/frontend/src/components/Banner.jsx">
      <metrics statements="1" coveredstatements="1" conditionals="1" coveredconditionals="1" methods="1" coveredmethods="1"/>
      <line num="2" count="2" type="stmt"/>
    </file>
    <file name="Slideshow.jsx" path="/home/fyilmaz/TesteurLogiciel_appli_location_immobiliere_React/frontend/src/components/Slideshow.jsx">
      <metrics statements="12" coveredstatements="12" conditionals="10" coveredconditionals="10" methods="3" coveredmethods="3"/>
      <line num="4" count="14" type="stmt"/>
      <line num="6" count="14" type="cond" truecount="4" falsecount="0"/>
      <line num="7" count="1" type="stmt"/>
      <line num="10" count="13" type="stmt"/>
      <line num="13" count="5" type="cond" truecount="2" falsecount="0"/>
      <line num="14" count="1" type="stmt"/>
      <line num="16" count="4" type="stmt"/>
      <line num="21" count="2" type="cond" truecount="2" falsecount="0"/>
      <line num="22" count="1" type="stmt"/>
      <line num="24" count="1" type="stmt"/>
      <line num="28" count="13" type="stmt"/>
      <line num="30" count="13" type="stmt"/>
    </file>
  </project>
</coverage>
