{"/home/fyilmaz/TesteurLogiciel_appli_location_immobiliere_React/frontend/src/components/Banner.jsx": {"path":"/home/fyilmaz/TesteurLogiciel_appli_location_immobiliere_React/frontend/src/components/Banner.jsx","statementMap":{"0":{"start":{"line":2,"column":2},"end":{"line":8,"column":null}}},"fnMap":{"0":{"name":"Banner","decl":{"start":{"line":1,"column":24},"end":{"line":1,"column":31}},"loc":{"start":{"line":1,"column":65},"end":{"line":10,"column":null}},"line":1}},"branchMap":{"0":{"loc":{"start":{"line":1,"column":47},"end":{"line":1,"column":65}},"type":"default-arg","locations":[{"start":{"line":1,"column":59},"end":{"line":1,"column":65}}],"line":1}},"s":{"0":2},"f":{"0":2},"b":{"0":[2]},"meta":{"lastBranch":1,"lastFunction":1,"lastStatement":1,"seen":{"f:1:24:1:31":0,"b:1:59:1:65":0,"s:2:2:8:Infinity":0},"fnNames":{}}}
,"/home/fyilmaz/TesteurLogiciel_appli_location_immobiliere_React/frontend/src/components/Slideshow.jsx": {"path":"/home/fyilmaz/TesteurLogiciel_appli_location_immobiliere_React/frontend/src/components/Slideshow.jsx","statementMap":{"0":{"start":{"line":4,"column":16},"end":{"line":4,"column":null}},"1":{"start":{"line":6,"column":2},"end":{"line":8,"column":null}},"2":{"start":{"line":7,"column":4},"end":{"line":7,"column":null}},"3":{"start":{"line":10,"column":16},"end":{"line":10,"column":null}},"4":{"start":{"line":13,"column":4},"end":{"line":17,"column":null}},"5":{"start":{"line":14,"column":6},"end":{"line":14,"column":null}},"6":{"start":{"line":16,"column":6},"end":{"line":16,"column":null}},"7":{"start":{"line":21,"column":4},"end":{"line":25,"column":null}},"8":{"start":{"line":22,"column":6},"end":{"line":22,"column":null}},"9":{"start":{"line":24,"column":6},"end":{"line":24,"column":null}},"10":{"start":{"line":28,"column":23},"end":{"line":28,"column":null}},"11":{"start":{"line":30,"column":2},"end":{"line":43,"column":null}}},"fnMap":{"0":{"name":"Slideshow","decl":{"start":{"line":3,"column":24},"end":{"line":3,"column":34}},"loc":{"start":{"line":3,"column":48},"end":{"line":45,"column":null}},"line":3},"1":{"name":"goNext","decl":{"start":{"line":12,"column":11},"end":{"line":12,"column":20}},"loc":{"start":{"line":12,"column":20},"end":{"line":18,"column":null}},"line":12},"2":{"name":"goPrev","decl":{"start":{"line":20,"column":11},"end":{"line":20,"column":20}},"loc":{"start":{"line":20,"column":20},"end":{"line":26,"column":null}},"line":20}},"branchMap":{"0":{"loc":{"start":{"line":6,"column":2},"end":{"line":8,"column":null}},"type":"if","locations":[{"start":{"line":6,"column":2},"end":{"line":8,"column":null}},{"start":{},"end":{}}],"line":6},"1":{"loc":{"start":{"line":6,"column":6},"end":{"line":6,"column":42}},"type":"binary-expr","locations":[{"start":{"line":6,"column":6},"end":{"line":6,"column":19}},{"start":{"line":6,"column":19},"end":{"line":6,"column":42}}],"line":6},"2":{"loc":{"start":{"line":13,"column":4},"end":{"line":17,"column":null}},"type":"if","locations":[{"start":{"line":13,"column":4},"end":{"line":17,"column":null}},{"start":{"line":15,"column":11},"end":{"line":17,"column":null}}],"line":13},"3":{"loc":{"start":{"line":21,"column":4},"end":{"line":25,"column":null}},"type":"if","locations":[{"start":{"line":21,"column":4},"end":{"line":25,"column":null}},{"start":{"line":23,"column":11},"end":{"line":25,"column":null}}],"line":21},"4":{"loc":{"start":{"line":34,"column":7},"end":{"line":43,"column":null}},"type":"binary-expr","locations":[{"start":{"line":34,"column":7},"end":{"line":34,"column":null}},{"start":{"line":35,"column":8},"end":{"line":43,"column":null}}],"line":34}},"s":{"0":14,"1":14,"2":1,"3":13,"4":5,"5":1,"6":4,"7":2,"8":1,"9":1,"10":13,"11":13},"f":{"0":14,"1":5,"2":2},"b":{"0":[1,13],"1":[14,14],"2":[1,4],"3":[1,1],"4":[13,12]},"meta":{"lastBranch":5,"lastFunction":3,"lastStatement":12,"seen":{"f:3:24:3:34":0,"s:4:16:4:Infinity":0,"b:6:2:8:Infinity:undefined:undefined:undefined:undefined":0,"s:6:2:8:Infinity":1,"b:6:6:6:19:6:19:6:42":1,"s:7:4:7:Infinity":2,"s:10:16:10:Infinity":3,"f:12:11:12:20":1,"b:13:4:17:Infinity:15:11:17:Infinity":2,"s:13:4:17:Infinity":4,"s:14:6:14:Infinity":5,"s:16:6:16:Infinity":6,"f:20:11:20:20":2,"b:21:4:25:Infinity:23:11:25:Infinity":3,"s:21:4:25:Infinity":7,"s:22:6:22:Infinity":8,"s:24:6:24:Infinity":9,"s:28:23:28:Infinity":10,"s:30:2:43:Infinity":11,"b:34:7:34:Infinity:35:8:43:Infinity":4},"fnNames":{}}}
}
